[DEBUG] 2016-05-21 15:15:01,138 -- SpringJUnit4ClassRunner constructor called with [class com.cy.lenskit.lenscy.DaoTest].
[DEBUG] 2016-05-21 15:15:01,190 -- Delegating to GenericXmlContextLoader to process context configuration [ContextConfigurationAttributes@1888ff2c declaringClass = 'com.cy.lenskit.lenscy.DaoTest', locations = '{classpath:application-context.xml}', classes = '{}', inheritLocations = true, contextLoaderClass = 'org.springframework.test.context.ContextLoader'].
[DEBUG] 2016-05-21 15:15:01,193 -- Could not find an 'annotation declaring class' for annotation type [interface org.springframework.test.context.ActiveProfiles] and class [class com.cy.lenskit.lenscy.DaoTest]
[INFO ] 2016-05-21 15:15:01,195 -- @TestExecutionListeners is not present for class [class com.cy.lenskit.lenscy.DaoTest]: using defaults.
[DEBUG] 2016-05-21 15:15:01,222 -- Retrieved @ProfileValueSourceConfiguration [null] for test class [com.cy.lenskit.lenscy.DaoTest]
[DEBUG] 2016-05-21 15:15:01,222 -- Retrieved ProfileValueSource type [class org.springframework.test.annotation.SystemProfileValueSource] for class [com.cy.lenskit.lenscy.DaoTest]
[DEBUG] 2016-05-21 15:15:01,224 -- Retrieved @ProfileValueSourceConfiguration [null] for test class [com.cy.lenskit.lenscy.DaoTest]
[DEBUG] 2016-05-21 15:15:01,224 -- Retrieved ProfileValueSource type [class org.springframework.test.annotation.SystemProfileValueSource] for class [com.cy.lenskit.lenscy.DaoTest]
[DEBUG] 2016-05-21 15:15:01,237 -- Retrieved @ProfileValueSourceConfiguration [null] for test class [com.cy.lenskit.lenscy.DaoTest]
[DEBUG] 2016-05-21 15:15:01,238 -- Retrieved ProfileValueSource type [class org.springframework.test.annotation.SystemProfileValueSource] for class [com.cy.lenskit.lenscy.DaoTest]
[DEBUG] 2016-05-21 15:15:01,239 -- Retrieved @ProfileValueSourceConfiguration [null] for test class [com.cy.lenskit.lenscy.DaoTest]
[DEBUG] 2016-05-21 15:15:01,240 -- Retrieved ProfileValueSource type [class org.springframework.test.annotation.SystemProfileValueSource] for class [com.cy.lenskit.lenscy.DaoTest]
[DEBUG] 2016-05-21 15:15:01,241 -- Retrieved @ProfileValueSourceConfiguration [null] for test class [com.cy.lenskit.lenscy.DaoTest]
[DEBUG] 2016-05-21 15:15:01,241 -- Retrieved ProfileValueSource type [class org.springframework.test.annotation.SystemProfileValueSource] for class [com.cy.lenskit.lenscy.DaoTest]
[DEBUG] 2016-05-21 15:15:01,244 -- Retrieved @ProfileValueSourceConfiguration [null] for test class [com.cy.lenskit.lenscy.DaoTest]
[DEBUG] 2016-05-21 15:15:01,244 -- Retrieved ProfileValueSource type [class org.springframework.test.annotation.SystemProfileValueSource] for class [com.cy.lenskit.lenscy.DaoTest]
[DEBUG] 2016-05-21 15:15:01,246 -- Performing dependency injection for test context [[TestContext@edf4efb testClass = DaoTest, testInstance = com.cy.lenskit.lenscy.DaoTest@2f7a2457, testMethod = [null], testException = [null], mergedContextConfiguration = [MergedContextConfiguration@566776ad testClass = DaoTest, locations = '{classpath:application-context.xml}', classes = '{}', activeProfiles = '{}', contextLoader = 'org.springframework.test.context.support.DelegatingSmartContextLoader']]].
[DEBUG] 2016-05-21 15:15:01,247 -- Delegating to GenericXmlContextLoader to load context from [MergedContextConfiguration@566776ad testClass = DaoTest, locations = '{classpath:application-context.xml}', classes = '{}', activeProfiles = '{}', contextLoader = 'org.springframework.test.context.support.DelegatingSmartContextLoader'].
[DEBUG] 2016-05-21 15:15:01,247 -- Loading ApplicationContext for merged context configuration [[MergedContextConfiguration@566776ad testClass = DaoTest, locations = '{classpath:application-context.xml}', classes = '{}', activeProfiles = '{}', contextLoader = 'org.springframework.test.context.support.DelegatingSmartContextLoader']].
[DEBUG] 2016-05-21 15:15:01,347 -- Initializing new StandardEnvironment
[DEBUG] 2016-05-21 15:15:01,348 -- Adding [systemProperties] PropertySource with lowest search precedence
[DEBUG] 2016-05-21 15:15:01,350 -- Adding [systemEnvironment] PropertySource with lowest search precedence
[DEBUG] 2016-05-21 15:15:01,351 -- Initialized StandardEnvironment with PropertySources [systemProperties,systemEnvironment]
[DEBUG] 2016-05-21 15:15:01,457 -- Initializing new StandardEnvironment
[DEBUG] 2016-05-21 15:15:01,457 -- Adding [systemProperties] PropertySource with lowest search precedence
[DEBUG] 2016-05-21 15:15:01,458 -- Adding [systemEnvironment] PropertySource with lowest search precedence
[DEBUG] 2016-05-21 15:15:01,458 -- Initialized StandardEnvironment with PropertySources [systemProperties,systemEnvironment]
[INFO ] 2016-05-21 15:15:01,540 -- Loading XML bean definitions from class path resource [application-context.xml]
[DEBUG] 2016-05-21 15:15:01,547 -- Using JAXP provider [com.sun.org.apache.xerces.internal.jaxp.DocumentBuilderFactoryImpl]
[DEBUG] 2016-05-21 15:15:01,590 -- Loading schema mappings from [META-INF/spring.schemas]
[DEBUG] 2016-05-21 15:15:01,595 -- Loaded schema mappings: {http://www.springframework.org/schema/util/spring-util.xsd=org/springframework/beans/factory/xml/spring-util-3.1.xsd, http://www.springframework.org/schema/mvc/spring-mvc-3.1.xsd=org/springframework/web/servlet/config/spring-mvc-3.1.xsd, http://www.springframework.org/schema/beans/spring-beans-3.1.xsd=org/springframework/beans/factory/xml/spring-beans-3.1.xsd, http://www.springframework.org/schema/task/spring-task.xsd=org/springframework/scheduling/config/spring-task-3.1.xsd, http://www.springframework.org/schema/cache/spring-cache.xsd=org/springframework/cache/config/spring-cache-3.1.xsd, http://www.springframework.org/schema/aop/spring-aop-3.0.xsd=org/springframework/aop/config/spring-aop-3.0.xsd, http://www.springframework.org/schema/task/spring-task-3.1.xsd=org/springframework/scheduling/config/spring-task-3.1.xsd, http://www.springframework.org/schema/aop/spring-aop-2.0.xsd=org/springframework/aop/config/spring-aop-2.0.xsd, http://www.springframework.org/schema/tool/spring-tool-2.5.xsd=org/springframework/beans/factory/xml/spring-tool-2.5.xsd, http://www.springframework.org/schema/beans/spring-beans.xsd=org/springframework/beans/factory/xml/spring-beans-3.1.xsd, http://www.springframework.org/schema/jee/spring-jee-2.5.xsd=org/springframework/ejb/config/spring-jee-2.5.xsd, http://www.springframework.org/schema/jdbc/spring-jdbc-3.1.xsd=org/springframework/jdbc/config/spring-jdbc-3.1.xsd, http://www.springframework.org/schema/tool/spring-tool-3.1.xsd=org/springframework/beans/factory/xml/spring-tool-3.1.xsd, http://www.springframework.org/schema/aop/spring-aop.xsd=org/springframework/aop/config/spring-aop-3.1.xsd, http://www.springframework.org/schema/jee/spring-jee-3.1.xsd=org/springframework/ejb/config/spring-jee-3.1.xsd, http://www.springframework.org/schema/beans/spring-beans-2.0.xsd=org/springframework/beans/factory/xml/spring-beans-2.0.xsd, http://www.springframework.org/schema/mvc/spring-mvc-3.0.xsd=org/springframework/web/servlet/config/spring-mvc-3.0.xsd, http://www.springframework.org/schema/beans/spring-beans-3.0.xsd=org/springframework/beans/factory/xml/spring-beans-3.0.xsd, http://www.springframework.org/schema/task/spring-task-3.0.xsd=org/springframework/scheduling/config/spring-task-3.0.xsd, http://www.springframework.org/schema/tx/spring-tx-2.5.xsd=org/springframework/transaction/config/spring-tx-2.5.xsd, http://www.springframework.org/schema/context/spring-context-2.5.xsd=org/springframework/context/config/spring-context-2.5.xsd, http://www.springframework.org/schema/jdbc/spring-jdbc-3.0.xsd=org/springframework/jdbc/config/spring-jdbc-3.0.xsd, http://www.springframework.org/schema/tool/spring-tool-3.0.xsd=org/springframework/beans/factory/xml/spring-tool-3.0.xsd, http://www.springframework.org/schema/tx/spring-tx.xsd=org/springframework/transaction/config/spring-tx-3.1.xsd, http://www.springframework.org/schema/tool/spring-tool-2.0.xsd=org/springframework/beans/factory/xml/spring-tool-2.0.xsd, http://www.springframework.org/schema/util/spring-util-2.5.xsd=org/springframework/beans/factory/xml/spring-util-2.5.xsd, http://www.springframework.org/schema/lang/spring-lang.xsd=org/springframework/scripting/config/spring-lang-3.1.xsd, http://www.springframework.org/schema/lang/spring-lang-2.5.xsd=org/springframework/scripting/config/spring-lang-2.5.xsd, http://www.springframework.org/schema/jee/spring-jee-3.0.xsd=org/springframework/ejb/config/spring-jee-3.0.xsd, http://www.springframework.org/schema/tx/spring-tx-3.1.xsd=org/springframework/transaction/config/spring-tx-3.1.xsd, http://www.springframework.org/schema/jee/spring-jee-2.0.xsd=org/springframework/ejb/config/spring-jee-2.0.xsd, http://www.springframework.org/schema/context/spring-context-3.1.xsd=org/springframework/context/config/spring-context-3.1.xsd, http://www.springframework.org/schema/util/spring-util-3.1.xsd=org/springframework/beans/factory/xml/spring-util-3.1.xsd, http://www.springframework.org/schema/lang/spring-lang-3.1.xsd=org/springframework/scripting/config/spring-lang-3.1.xsd, http://www.springframework.org/schema/cache/spring-cache-3.1.xsd=org/springframework/cache/config/spring-cache-3.1.xsd, http://www.springframework.org/schema/context/spring-context.xsd=org/springframework/context/config/spring-context-3.1.xsd, http://www.springframework.org/schema/jee/spring-jee.xsd=org/springframework/ejb/config/spring-jee-3.1.xsd, http://www.springframework.org/schema/aop/spring-aop-2.5.xsd=org/springframework/aop/config/spring-aop-2.5.xsd, http://www.springframework.org/schema/mvc/spring-mvc.xsd=org/springframework/web/servlet/config/spring-mvc-3.1.xsd, http://www.springframework.org/schema/jdbc/spring-jdbc.xsd=org/springframework/jdbc/config/spring-jdbc-3.1.xsd, http://www.springframework.org/schema/tx/spring-tx-2.0.xsd=org/springframework/transaction/config/spring-tx-2.0.xsd, http://www.springframework.org/schema/aop/spring-aop-3.1.xsd=org/springframework/aop/config/spring-aop-3.1.xsd, http://www.springframework.org/schema/tx/spring-tx-3.0.xsd=org/springframework/transaction/config/spring-tx-3.0.xsd, http://www.springframework.org/schema/context/spring-context-3.0.xsd=org/springframework/context/config/spring-context-3.0.xsd, http://www.springframework.org/schema/tool/spring-tool.xsd=org/springframework/beans/factory/xml/spring-tool-3.1.xsd, http://www.springframework.org/schema/util/spring-util-3.0.xsd=org/springframework/beans/factory/xml/spring-util-3.0.xsd, http://www.springframework.org/schema/lang/spring-lang-3.0.xsd=org/springframework/scripting/config/spring-lang-3.0.xsd, http://www.springframework.org/schema/util/spring-util-2.0.xsd=org/springframework/beans/factory/xml/spring-util-2.0.xsd, http://www.springframework.org/schema/lang/spring-lang-2.0.xsd=org/springframework/scripting/config/spring-lang-2.0.xsd, http://www.springframework.org/schema/beans/spring-beans-2.5.xsd=org/springframework/beans/factory/xml/spring-beans-2.5.xsd}
[DEBUG] 2016-05-21 15:15:01,597 -- Found XML schema [http://www.springframework.org/schema/beans/spring-beans-3.0.xsd] in classpath: org/springframework/beans/factory/xml/spring-beans-3.0.xsd
[DEBUG] 2016-05-21 15:15:01,669 -- Found XML schema [http://www.springframework.org/schema/context/spring-context-3.0.xsd] in classpath: org/springframework/context/config/spring-context-3.0.xsd
[DEBUG] 2016-05-21 15:15:01,682 -- Found XML schema [http://www.springframework.org/schema/tool/spring-tool-3.0.xsd] in classpath: org/springframework/beans/factory/xml/spring-tool-3.0.xsd
[DEBUG] 2016-05-21 15:15:01,701 -- Found XML schema [http://www.springframework.org/schema/aop/spring-aop-3.0.xsd] in classpath: org/springframework/aop/config/spring-aop-3.0.xsd
[DEBUG] 2016-05-21 15:15:01,723 -- Loading bean definitions
[DEBUG] 2016-05-21 15:15:01,740 -- Loaded NamespaceHandler mappings: {http://www.springframework.org/schema/p=org.springframework.beans.factory.xml.SimplePropertyNamespaceHandler, http://www.springframework.org/schema/mvc=org.springframework.web.servlet.config.MvcNamespaceHandler, http://www.springframework.org/schema/util=org.springframework.beans.factory.xml.UtilNamespaceHandler, http://www.springframework.org/schema/jee=org.springframework.ejb.config.JeeNamespaceHandler, http://www.springframework.org/schema/aop=org.springframework.aop.config.AopNamespaceHandler, http://www.springframework.org/schema/jdbc=org.springframework.jdbc.config.JdbcNamespaceHandler, http://www.springframework.org/schema/cache=org.springframework.cache.config.CacheNamespaceHandler, http://www.springframework.org/schema/c=org.springframework.beans.factory.xml.SimpleConstructorNamespaceHandler, http://www.springframework.org/schema/tx=org.springframework.transaction.config.TxNamespaceHandler, http://www.springframework.org/schema/task=org.springframework.scheduling.config.TaskNamespaceHandler, http://www.springframework.org/schema/lang=org.springframework.scripting.config.LangNamespaceHandler, http://www.springframework.org/schema/context=org.springframework.context.config.ContextNamespaceHandler}
[INFO ] 2016-05-21 15:15:01,790 -- JSR-330 'javax.inject.Named' annotation found and supported for component scanning
[DEBUG] 2016-05-21 15:15:01,799 -- Looking for matching resources in directory tree [/Users/nali/Eclipse/lenscy/target/test-classes/com/cy/lenskit/lenscy]
[DEBUG] 2016-05-21 15:15:01,799 -- Searching directory [/Users/nali/Eclipse/lenscy/target/test-classes/com/cy/lenskit/lenscy] for files matching pattern [/Users/nali/Eclipse/lenscy/target/test-classes/com/cy/lenskit/lenscy/**/*.class]
[DEBUG] 2016-05-21 15:15:01,803 -- Looking for matching resources in directory tree [/Users/nali/Eclipse/lenscy/target/classes/com/cy/lenskit/lenscy]
[DEBUG] 2016-05-21 15:15:01,803 -- Searching directory [/Users/nali/Eclipse/lenscy/target/classes/com/cy/lenskit/lenscy] for files matching pattern [/Users/nali/Eclipse/lenscy/target/classes/com/cy/lenskit/lenscy/**/*.class]
[DEBUG] 2016-05-21 15:15:01,805 -- Searching directory [/Users/nali/Eclipse/lenscy/target/classes/com/cy/lenskit/lenscy/advice] for files matching pattern [/Users/nali/Eclipse/lenscy/target/classes/com/cy/lenskit/lenscy/**/*.class]
[DEBUG] 2016-05-21 15:15:01,808 -- Searching directory [/Users/nali/Eclipse/lenscy/target/classes/com/cy/lenskit/lenscy/dao] for files matching pattern [/Users/nali/Eclipse/lenscy/target/classes/com/cy/lenskit/lenscy/**/*.class]
[DEBUG] 2016-05-21 15:15:01,812 -- Searching directory [/Users/nali/Eclipse/lenscy/target/classes/com/cy/lenskit/lenscy/model] for files matching pattern [/Users/nali/Eclipse/lenscy/target/classes/com/cy/lenskit/lenscy/**/*.class]
[DEBUG] 2016-05-21 15:15:01,818 -- Searching directory [/Users/nali/Eclipse/lenscy/target/classes/com/cy/lenskit/lenscy/util] for files matching pattern [/Users/nali/Eclipse/lenscy/target/classes/com/cy/lenskit/lenscy/**/*.class]
[DEBUG] 2016-05-21 15:15:01,824 -- Resolved location pattern [classpath*:com/cy/lenskit/lenscy/**/*.class] to resources [file [/Users/nali/Eclipse/lenscy/target/test-classes/com/cy/lenskit/lenscy/DaoTest.class], file [/Users/nali/Eclipse/lenscy/target/test-classes/com/cy/lenskit/lenscy/ServiceTest.class], file [/Users/nali/Eclipse/lenscy/target/classes/com/cy/lenskit/lenscy/advice/LenskitAdvice.class], file [/Users/nali/Eclipse/lenscy/target/classes/com/cy/lenskit/lenscy/advice/package-info.class], file [/Users/nali/Eclipse/lenscy/target/classes/com/cy/lenskit/lenscy/App.class], file [/Users/nali/Eclipse/lenscy/target/classes/com/cy/lenskit/lenscy/dao/IdMapingDao.class], file [/Users/nali/Eclipse/lenscy/target/classes/com/cy/lenskit/lenscy/dao/ItemDao.class], file [/Users/nali/Eclipse/lenscy/target/classes/com/cy/lenskit/lenscy/dao/package-info.class], file [/Users/nali/Eclipse/lenscy/target/classes/com/cy/lenskit/lenscy/dao/RatingDao.class], file [/Users/nali/Eclipse/lenscy/target/classes/com/cy/lenskit/lenscy/dao/SqlStatement.class], file [/Users/nali/Eclipse/lenscy/target/classes/com/cy/lenskit/lenscy/dao/UserDao.class], file [/Users/nali/Eclipse/lenscy/target/classes/com/cy/lenskit/lenscy/Item2Item.class], file [/Users/nali/Eclipse/lenscy/target/classes/com/cy/lenskit/lenscy/ml_1m_Statement.class], file [/Users/nali/Eclipse/lenscy/target/classes/com/cy/lenskit/lenscy/model/CachedItemItemModelBuilder.class], file [/Users/nali/Eclipse/lenscy/target/classes/com/cy/lenskit/lenscy/model/CachedItemSimilarMatrixModel.class], file [/Users/nali/Eclipse/lenscy/target/classes/com/cy/lenskit/lenscy/model/package-info.class], file [/Users/nali/Eclipse/lenscy/target/classes/com/cy/lenskit/lenscy/mySqlStatement.class], file [/Users/nali/Eclipse/lenscy/target/classes/com/cy/lenskit/lenscy/Node.class], file [/Users/nali/Eclipse/lenscy/target/classes/com/cy/lenskit/lenscy/SlopOne.class], file [/Users/nali/Eclipse/lenscy/target/classes/com/cy/lenskit/lenscy/SVD.class], file [/Users/nali/Eclipse/lenscy/target/classes/com/cy/lenskit/lenscy/SVD_PlusPlus.class], file [/Users/nali/Eclipse/lenscy/target/classes/com/cy/lenskit/lenscy/SVD_SGD.class], file [/Users/nali/Eclipse/lenscy/target/classes/com/cy/lenskit/lenscy/Trainer.class], file [/Users/nali/Eclipse/lenscy/target/classes/com/cy/lenskit/lenscy/User2User.class], file [/Users/nali/Eclipse/lenscy/target/classes/com/cy/lenskit/lenscy/util/ConsoleHelper.class], file [/Users/nali/Eclipse/lenscy/target/classes/com/cy/lenskit/lenscy/util/LoaderService.class], file [/Users/nali/Eclipse/lenscy/target/classes/com/cy/lenskit/lenscy/util/LRUCache$1.class], file [/Users/nali/Eclipse/lenscy/target/classes/com/cy/lenskit/lenscy/util/LRUCache.class], file [/Users/nali/Eclipse/lenscy/target/classes/com/cy/lenskit/lenscy/util/MathTool.class], file [/Users/nali/Eclipse/lenscy/target/classes/com/cy/lenskit/lenscy/util/package-info.class], file [/Users/nali/Eclipse/lenscy/target/classes/com/cy/lenskit/lenscy/util/RatingVectorSummaryPublic$SummaryFunction.class], file [/Users/nali/Eclipse/lenscy/target/classes/com/cy/lenskit/lenscy/util/RatingVectorSummaryPublic.class]]
[DEBUG] 2016-05-21 15:15:01,872 -- Identified candidate component class: file [/Users/nali/Eclipse/lenscy/target/classes/com/cy/lenskit/lenscy/App.class]
[DEBUG] 2016-05-21 15:15:01,874 -- Identified candidate component class: file [/Users/nali/Eclipse/lenscy/target/classes/com/cy/lenskit/lenscy/dao/IdMapingDao.class]
[DEBUG] 2016-05-21 15:15:01,875 -- Identified candidate component class: file [/Users/nali/Eclipse/lenscy/target/classes/com/cy/lenskit/lenscy/dao/ItemDao.class]
[DEBUG] 2016-05-21 15:15:01,877 -- Identified candidate component class: file [/Users/nali/Eclipse/lenscy/target/classes/com/cy/lenskit/lenscy/dao/RatingDao.class]
[DEBUG] 2016-05-21 15:15:01,880 -- Identified candidate component class: file [/Users/nali/Eclipse/lenscy/target/classes/com/cy/lenskit/lenscy/dao/UserDao.class]
[DEBUG] 2016-05-21 15:15:01,921 -- Identified candidate component class: file [/Users/nali/Eclipse/lenscy/target/classes/com/cy/lenskit/lenscy/util/LoaderService.class]
[DEBUG] 2016-05-21 15:15:01,995 -- Loaded 18 bean definitions from location pattern [classpath:application-context.xml]
[INFO ] 2016-05-21 15:15:02,000 -- Refreshing org.springframework.context.support.GenericApplicationContext@4909b8da: startup date [Sat May 21 15:15:01 CST 2016]; root of context hierarchy
[DEBUG] 2016-05-21 15:15:02,001 -- Bean factory for org.springframework.context.support.GenericApplicationContext@4909b8da: org.springframework.beans.factory.support.DefaultListableBeanFactory@33b37288: defining beans [org.springframework.context.annotation.internalConfigurationAnnotationProcessor,org.springframework.context.annotation.internalAutowiredAnnotationProcessor,org.springframework.context.annotation.internalRequiredAnnotationProcessor,org.springframework.context.annotation.internalCommonAnnotationProcessor,app,idMapingDao,itemDao,ratingDao,userDao,loaderService,propertyConfigurer,DataSource,jdbcTemplate,org.springframework.aop.config.internalAutoProxyCreator,org.springframework.aop.aspectj.AspectJPointcutAdvisor#0,servicem,p2,lenskitAdvice]; root of factory hierarchy
[DEBUG] 2016-05-21 15:15:02,033 -- Creating shared instance of singleton bean 'org.springframework.context.annotation.internalConfigurationAnnotationProcessor'
[DEBUG] 2016-05-21 15:15:02,033 -- Creating instance of bean 'org.springframework.context.annotation.internalConfigurationAnnotationProcessor'
[DEBUG] 2016-05-21 15:15:02,054 -- Eagerly caching bean 'org.springframework.context.annotation.internalConfigurationAnnotationProcessor' to allow for resolving potential circular references
[DEBUG] 2016-05-21 15:15:02,055 -- Finished creating instance of bean 'org.springframework.context.annotation.internalConfigurationAnnotationProcessor'
[DEBUG] 2016-05-21 15:15:02,112 -- Creating shared instance of singleton bean 'propertyConfigurer'
[DEBUG] 2016-05-21 15:15:02,112 -- Creating instance of bean 'propertyConfigurer'
[DEBUG] 2016-05-21 15:15:02,116 -- Eagerly caching bean 'propertyConfigurer' to allow for resolving potential circular references
[DEBUG] 2016-05-21 15:15:02,186 -- Finished creating instance of bean 'propertyConfigurer'
[INFO ] 2016-05-21 15:15:02,187 -- Loading properties file from class path resource [jdbc.properties]
[INFO ] 2016-05-21 15:15:02,187 -- Loading properties file from class path resource [log4j.properties]
[DEBUG] 2016-05-21 15:15:02,192 -- Creating shared instance of singleton bean 'org.springframework.context.annotation.internalAutowiredAnnotationProcessor'
[DEBUG] 2016-05-21 15:15:02,192 -- Creating instance of bean 'org.springframework.context.annotation.internalAutowiredAnnotationProcessor'
[INFO ] 2016-05-21 15:15:02,195 -- JSR-330 'javax.inject.Inject' annotation found and supported for autowiring
[DEBUG] 2016-05-21 15:15:02,195 -- Eagerly caching bean 'org.springframework.context.annotation.internalAutowiredAnnotationProcessor' to allow for resolving potential circular references
[DEBUG] 2016-05-21 15:15:02,196 -- Finished creating instance of bean 'org.springframework.context.annotation.internalAutowiredAnnotationProcessor'
[DEBUG] 2016-05-21 15:15:02,196 -- Creating shared instance of singleton bean 'org.springframework.context.annotation.internalRequiredAnnotationProcessor'
[DEBUG] 2016-05-21 15:15:02,196 -- Creating instance of bean 'org.springframework.context.annotation.internalRequiredAnnotationProcessor'
[DEBUG] 2016-05-21 15:15:02,196 -- Eagerly caching bean 'org.springframework.context.annotation.internalRequiredAnnotationProcessor' to allow for resolving potential circular references
[DEBUG] 2016-05-21 15:15:02,197 -- Finished creating instance of bean 'org.springframework.context.annotation.internalRequiredAnnotationProcessor'
[DEBUG] 2016-05-21 15:15:02,197 -- Creating shared instance of singleton bean 'org.springframework.context.annotation.internalCommonAnnotationProcessor'
[DEBUG] 2016-05-21 15:15:02,197 -- Creating instance of bean 'org.springframework.context.annotation.internalCommonAnnotationProcessor'
[DEBUG] 2016-05-21 15:15:02,202 -- Eagerly caching bean 'org.springframework.context.annotation.internalCommonAnnotationProcessor' to allow for resolving potential circular references
[DEBUG] 2016-05-21 15:15:02,202 -- Finished creating instance of bean 'org.springframework.context.annotation.internalCommonAnnotationProcessor'
[DEBUG] 2016-05-21 15:15:02,202 -- Creating shared instance of singleton bean 'org.springframework.context.annotation.ConfigurationClassPostProcessor$ImportAwareBeanPostProcessor#0'
[DEBUG] 2016-05-21 15:15:02,203 -- Creating instance of bean 'org.springframework.context.annotation.ConfigurationClassPostProcessor$ImportAwareBeanPostProcessor#0'
[DEBUG] 2016-05-21 15:15:02,203 -- Eagerly caching bean 'org.springframework.context.annotation.ConfigurationClassPostProcessor$ImportAwareBeanPostProcessor#0' to allow for resolving potential circular references
[DEBUG] 2016-05-21 15:15:02,203 -- Finished creating instance of bean 'org.springframework.context.annotation.ConfigurationClassPostProcessor$ImportAwareBeanPostProcessor#0'
[DEBUG] 2016-05-21 15:15:02,203 -- Creating shared instance of singleton bean 'org.springframework.aop.config.internalAutoProxyCreator'
[DEBUG] 2016-05-21 15:15:02,203 -- Creating instance of bean 'org.springframework.aop.config.internalAutoProxyCreator'
[DEBUG] 2016-05-21 15:15:02,221 -- Eagerly caching bean 'org.springframework.aop.config.internalAutoProxyCreator' to allow for resolving potential circular references
[DEBUG] 2016-05-21 15:15:02,246 -- Finished creating instance of bean 'org.springframework.aop.config.internalAutoProxyCreator'
[DEBUG] 2016-05-21 15:15:02,249 -- Unable to locate MessageSource with name 'messageSource': using default [org.springframework.context.support.DelegatingMessageSource@4b5a5ed1]
[DEBUG] 2016-05-21 15:15:02,252 -- Unable to locate ApplicationEventMulticaster with name 'applicationEventMulticaster': using default [org.springframework.context.event.SimpleApplicationEventMulticaster@5c909414]
[INFO ] 2016-05-21 15:15:02,254 -- Pre-instantiating singletons in org.springframework.beans.factory.support.DefaultListableBeanFactory@33b37288: defining beans [org.springframework.context.annotation.internalConfigurationAnnotationProcessor,org.springframework.context.annotation.internalAutowiredAnnotationProcessor,org.springframework.context.annotation.internalRequiredAnnotationProcessor,org.springframework.context.annotation.internalCommonAnnotationProcessor,app,idMapingDao,itemDao,ratingDao,userDao,loaderService,propertyConfigurer,DataSource,jdbcTemplate,org.springframework.aop.config.internalAutoProxyCreator,org.springframework.aop.aspectj.AspectJPointcutAdvisor#0,servicem,p2,lenskitAdvice,org.springframework.context.annotation.ConfigurationClassPostProcessor$ImportAwareBeanPostProcessor#0]; root of factory hierarchy
[DEBUG] 2016-05-21 15:15:02,254 -- Returning cached instance of singleton bean 'org.springframework.context.annotation.internalConfigurationAnnotationProcessor'
[DEBUG] 2016-05-21 15:15:02,255 -- Returning cached instance of singleton bean 'org.springframework.context.annotation.internalAutowiredAnnotationProcessor'
[DEBUG] 2016-05-21 15:15:02,255 -- Returning cached instance of singleton bean 'org.springframework.context.annotation.internalRequiredAnnotationProcessor'
[DEBUG] 2016-05-21 15:15:02,255 -- Returning cached instance of singleton bean 'org.springframework.context.annotation.internalCommonAnnotationProcessor'
[DEBUG] 2016-05-21 15:15:02,255 -- Creating shared instance of singleton bean 'DataSource'
[DEBUG] 2016-05-21 15:15:02,257 -- Creating instance of bean 'DataSource'
[DEBUG] 2016-05-21 15:15:02,257 -- Creating shared instance of singleton bean 'org.springframework.aop.aspectj.AspectJPointcutAdvisor#0'
[DEBUG] 2016-05-21 15:15:02,258 -- Creating instance of bean 'org.springframework.aop.aspectj.AspectJPointcutAdvisor#0'
[DEBUG] 2016-05-21 15:15:02,264 -- Creating instance of bean '(inner bean)'
[DEBUG] 2016-05-21 15:15:02,271 -- Creating instance of bean '(inner bean)'
[DEBUG] 2016-05-21 15:15:02,280 -- Finished creating instance of bean '(inner bean)'
[DEBUG] 2016-05-21 15:15:02,281 -- Creating instance of bean 'servicem'
[DEBUG] 2016-05-21 15:15:02,292 -- Finished creating instance of bean 'servicem'
[DEBUG] 2016-05-21 15:15:02,293 -- Creating instance of bean '(inner bean)#1'
[DEBUG] 2016-05-21 15:15:02,299 -- Finished creating instance of bean '(inner bean)#1'
[DEBUG] 2016-05-21 15:15:02,330 -- Finished creating instance of bean '(inner bean)'
[DEBUG] 2016-05-21 15:15:02,586 -- Eagerly caching bean 'org.springframework.aop.aspectj.AspectJPointcutAdvisor#0' to allow for resolving potential circular references
[DEBUG] 2016-05-21 15:15:02,590 -- Finished creating instance of bean 'org.springframework.aop.aspectj.AspectJPointcutAdvisor#0'
[DEBUG] 2016-05-21 15:15:02,593 -- Eagerly caching bean 'DataSource' to allow for resolving potential circular references
[DEBUG] 2016-05-21 15:15:02,608 -- Returning cached instance of singleton bean 'org.springframework.aop.aspectj.AspectJPointcutAdvisor#0'
[DEBUG] 2016-05-21 15:15:02,609 -- Returning cached instance of singleton bean 'org.springframework.aop.aspectj.AspectJPointcutAdvisor#0'
[DEBUG] 2016-05-21 15:15:02,658 -- Finished creating instance of bean 'DataSource'
[DEBUG] 2016-05-21 15:15:02,659 -- Returning cached instance of singleton bean 'org.springframework.aop.config.internalAutoProxyCreator'
[DEBUG] 2016-05-21 15:15:02,659 -- Returning cached instance of singleton bean 'org.springframework.aop.aspectj.AspectJPointcutAdvisor#0'
[DEBUG] 2016-05-21 15:15:02,659 -- Returning cached instance of singleton bean 'org.springframework.context.annotation.ConfigurationClassPostProcessor$ImportAwareBeanPostProcessor#0'
[DEBUG] 2016-05-21 15:15:02,661 -- Unable to locate LifecycleProcessor with name 'lifecycleProcessor': using default [org.springframework.context.support.DefaultLifecycleProcessor@3c3d9b6b]
[DEBUG] 2016-05-21 15:15:02,661 -- Returning cached instance of singleton bean 'lifecycleProcessor'
[DEBUG] 2016-05-21 15:15:02,663 -- Storing ApplicationContext for test class [class com.cy.lenskit.lenscy.DaoTest] in cache under key [[MergedContextConfiguration@566776ad testClass = DaoTest, locations = '{classpath:application-context.xml}', classes = '{}', activeProfiles = '{}', contextLoader = 'org.springframework.test.context.support.DelegatingSmartContextLoader']].
[DEBUG] 2016-05-21 15:15:02,668 -- Found injected element on class [com.cy.lenskit.lenscy.DaoTest]: AutowiredFieldElement for com.cy.lenskit.lenscy.dao.RatingDao com.cy.lenskit.lenscy.DaoTest.rating
[DEBUG] 2016-05-21 15:15:02,668 -- Found injected element on class [com.cy.lenskit.lenscy.DaoTest]: AutowiredFieldElement for com.cy.lenskit.lenscy.dao.IdMapingDao com.cy.lenskit.lenscy.DaoTest.idmap
[DEBUG] 2016-05-21 15:15:02,669 -- Processing injected method of bean 'com.cy.lenskit.lenscy.DaoTest': AutowiredFieldElement for com.cy.lenskit.lenscy.dao.RatingDao com.cy.lenskit.lenscy.DaoTest.rating
[DEBUG] 2016-05-21 15:15:02,671 -- Creating shared instance of singleton bean 'ratingDao'
[DEBUG] 2016-05-21 15:15:02,671 -- Creating instance of bean 'ratingDao'
[DEBUG] 2016-05-21 15:15:02,671 -- Returning cached instance of singleton bean 'org.springframework.aop.aspectj.AspectJPointcutAdvisor#0'
[DEBUG] 2016-05-21 15:15:02,679 -- Found injected element on class [com.cy.lenskit.lenscy.dao.RatingDao]: AutowiredFieldElement for private com.cy.lenskit.lenscy.dao.IdMapingDao com.cy.lenskit.lenscy.dao.RatingDao.idmaping
[DEBUG] 2016-05-21 15:15:02,679 -- Found injected element on class [com.cy.lenskit.lenscy.dao.RatingDao]: AutowiredFieldElement for private org.springframework.jdbc.core.JdbcTemplate com.cy.lenskit.lenscy.dao.RatingDao.jdbc
[DEBUG] 2016-05-21 15:15:02,679 -- Eagerly caching bean 'ratingDao' to allow for resolving potential circular references
[DEBUG] 2016-05-21 15:15:02,683 -- Processing injected method of bean 'ratingDao': AutowiredFieldElement for private com.cy.lenskit.lenscy.dao.IdMapingDao com.cy.lenskit.lenscy.dao.RatingDao.idmaping
[DEBUG] 2016-05-21 15:15:02,684 -- Creating shared instance of singleton bean 'idMapingDao'
[DEBUG] 2016-05-21 15:15:02,684 -- Creating instance of bean 'idMapingDao'
[DEBUG] 2016-05-21 15:15:02,684 -- Returning cached instance of singleton bean 'org.springframework.aop.aspectj.AspectJPointcutAdvisor#0'
[DEBUG] 2016-05-21 15:15:02,685 -- Found injected element on class [com.cy.lenskit.lenscy.dao.IdMapingDao]: AutowiredFieldElement for org.springframework.jdbc.core.JdbcTemplate com.cy.lenskit.lenscy.dao.IdMapingDao.jdbc
[DEBUG] 2016-05-21 15:15:02,685 -- Eagerly caching bean 'idMapingDao' to allow for resolving potential circular references
[DEBUG] 2016-05-21 15:15:02,688 -- Processing injected method of bean 'idMapingDao': AutowiredFieldElement for org.springframework.jdbc.core.JdbcTemplate com.cy.lenskit.lenscy.dao.IdMapingDao.jdbc
[DEBUG] 2016-05-21 15:15:02,689 -- Creating shared instance of singleton bean 'jdbcTemplate'
[DEBUG] 2016-05-21 15:15:02,689 -- Creating instance of bean 'jdbcTemplate'
[DEBUG] 2016-05-21 15:15:02,690 -- Returning cached instance of singleton bean 'org.springframework.aop.aspectj.AspectJPointcutAdvisor#0'
[DEBUG] 2016-05-21 15:15:02,703 -- Eagerly caching bean 'jdbcTemplate' to allow for resolving potential circular references
[DEBUG] 2016-05-21 15:15:02,726 -- Returning cached instance of singleton bean 'DataSource'
[DEBUG] 2016-05-21 15:15:02,727 -- Invoking afterPropertiesSet() on bean with name 'jdbcTemplate'
[DEBUG] 2016-05-21 15:15:02,727 -- Returning cached instance of singleton bean 'org.springframework.aop.aspectj.AspectJPointcutAdvisor#0'
[DEBUG] 2016-05-21 15:15:02,727 -- Returning cached instance of singleton bean 'org.springframework.aop.aspectj.AspectJPointcutAdvisor#0'
[DEBUG] 2016-05-21 15:15:02,812 -- Finished creating instance of bean 'jdbcTemplate'
[DEBUG] 2016-05-21 15:15:02,814 -- Autowiring by type from bean name 'idMapingDao' to bean named 'jdbcTemplate'
[DEBUG] 2016-05-21 15:15:02,814 -- Returning cached instance of singleton bean 'org.springframework.aop.aspectj.AspectJPointcutAdvisor#0'
[DEBUG] 2016-05-21 15:15:02,815 -- Returning cached instance of singleton bean 'org.springframework.aop.aspectj.AspectJPointcutAdvisor#0'
[DEBUG] 2016-05-21 15:15:02,821 -- Finished creating instance of bean 'idMapingDao'
[DEBUG] 2016-05-21 15:15:02,822 -- Autowiring by type from bean name 'ratingDao' to bean named 'idMapingDao'
[DEBUG] 2016-05-21 15:15:02,822 -- Processing injected method of bean 'ratingDao': AutowiredFieldElement for private org.springframework.jdbc.core.JdbcTemplate com.cy.lenskit.lenscy.dao.RatingDao.jdbc
[DEBUG] 2016-05-21 15:15:02,826 -- Returning cached instance of singleton bean 'jdbcTemplate'
[DEBUG] 2016-05-21 15:15:02,826 -- Autowiring by type from bean name 'ratingDao' to bean named 'jdbcTemplate'
[DEBUG] 2016-05-21 15:15:02,826 -- Returning cached instance of singleton bean 'org.springframework.aop.aspectj.AspectJPointcutAdvisor#0'
[DEBUG] 2016-05-21 15:15:02,827 -- Returning cached instance of singleton bean 'org.springframework.aop.aspectj.AspectJPointcutAdvisor#0'
[DEBUG] 2016-05-21 15:15:02,828 -- Finished creating instance of bean 'ratingDao'
[DEBUG] 2016-05-21 15:15:02,829 -- Autowiring by type from bean name 'com.cy.lenskit.lenscy.DaoTest' to bean named 'ratingDao'
[DEBUG] 2016-05-21 15:15:02,829 -- Processing injected method of bean 'com.cy.lenskit.lenscy.DaoTest': AutowiredFieldElement for com.cy.lenskit.lenscy.dao.IdMapingDao com.cy.lenskit.lenscy.DaoTest.idmap
[DEBUG] 2016-05-21 15:15:02,837 -- Returning cached instance of singleton bean 'idMapingDao'
[DEBUG] 2016-05-21 15:15:02,837 -- Autowiring by type from bean name 'com.cy.lenskit.lenscy.DaoTest' to bean named 'idMapingDao'
[DEBUG] 2016-05-21 15:15:02,838 -- Returning cached instance of singleton bean 'org.springframework.aop.aspectj.AspectJPointcutAdvisor#0'
[DEBUG] 2016-05-21 15:15:02,838 -- Returning cached instance of singleton bean 'org.springframework.aop.aspectj.AspectJPointcutAdvisor#0'
[DEBUG] 2016-05-21 15:15:02,848 -- Executing SQL query [select * from `BX-Book-Ratings` order by `User-ID`,`ISBN`;]
[DEBUG] 2016-05-21 15:15:02,861 -- Fetching JDBC Connection from DataSource
[DEBUG] 2016-05-21 15:15:02,861 -- Creating new JDBC DriverManager Connection to [jdbc:mysql://127.0.0.1:3306/easyrec?useUnicode=true&characterEncoding=UTF-8&zeroDateTimeBehavior=convertToNull]
[DEBUG] 2016-05-21 15:15:16,493 -- Returning JDBC Connection to DataSource
[DEBUG] 2016-05-21 15:15:23,054 -- After test method: context [[TestContext@edf4efb testClass = DaoTest, testInstance = com.cy.lenskit.lenscy.DaoTest@2f7a2457, testMethod = db2file@DaoTest, testException = [null], mergedContextConfiguration = [MergedContextConfiguration@566776ad testClass = DaoTest, locations = '{classpath:application-context.xml}', classes = '{}', activeProfiles = '{}', contextLoader = 'org.springframework.test.context.support.DelegatingSmartContextLoader']]], class dirties context [false], class mode [null], method dirties context [false].
[DEBUG] 2016-05-21 15:15:23,055 -- After test class: context [[TestContext@edf4efb testClass = DaoTest, testInstance = [null], testMethod = [null], testException = [null], mergedContextConfiguration = [MergedContextConfiguration@566776ad testClass = DaoTest, locations = '{classpath:application-context.xml}', classes = '{}', activeProfiles = '{}', contextLoader = 'org.springframework.test.context.support.DelegatingSmartContextLoader']]], dirtiesContext [false].
[INFO ] 2016-05-21 15:15:23,056 -- Closing org.springframework.context.support.GenericApplicationContext@4909b8da: startup date [Sat May 21 15:15:01 CST 2016]; root of context hierarchy
[DEBUG] 2016-05-21 15:15:23,060 -- Returning cached instance of singleton bean 'lifecycleProcessor'
[INFO ] 2016-05-21 15:15:23,060 -- Destroying singletons in org.springframework.beans.factory.support.DefaultListableBeanFactory@33b37288: defining beans [org.springframework.context.annotation.internalConfigurationAnnotationProcessor,org.springframework.context.annotation.internalAutowiredAnnotationProcessor,org.springframework.context.annotation.internalRequiredAnnotationProcessor,org.springframework.context.annotation.internalCommonAnnotationProcessor,app,idMapingDao,itemDao,ratingDao,userDao,loaderService,propertyConfigurer,DataSource,jdbcTemplate,org.springframework.aop.config.internalAutoProxyCreator,org.springframework.aop.aspectj.AspectJPointcutAdvisor#0,servicem,p2,lenskitAdvice,org.springframework.context.annotation.ConfigurationClassPostProcessor$ImportAwareBeanPostProcessor#0]; root of factory hierarchy
[DEBUG] 2016-05-21 15:15:23,061 -- Retrieved dependent beans for bean 'ratingDao': [com.cy.lenskit.lenscy.DaoTest]
[DEBUG] 2016-05-21 15:15:23,062 -- Retrieved dependent beans for bean '(inner bean)': [(inner bean), org.springframework.aop.aspectj.AspectJPointcutAdvisor#0]
